<?xml version="1.0" encoding="UTF-8"?>
<!-- Generated by org.testng.reporters.JUnitReportReporter -->
<testsuite skipped="0" hostname="KAVIYANJ-RENTAL" name="learntestng.testngbasixcs" tests="1" failures="0" timestamp="2020-09-02T19:03:56 IST" time="0.006" errors="0">
  <testcase name="googleTitleTest" time="0.006" classname="learntestng.testngbasixcs"/>
  <system-out/>
</testsuite> <!-- learntestng.testngbasixcs -->
