<?xml version="1.0" encoding="UTF-8"?>
<!-- Generated by org.testng.reporters.JUnitReportReporter -->
<testsuite skipped="0" hostname="KAVIYANJ-RENTAL" name="newtestng" tests="1" failures="0" timestamp="2020-09-01T15:20:02 IST" time="0.009" errors="0">
  <testcase name="oneMoreTest" time="0.009" classname="newtestng"/>
  <system-out/>
</testsuite> <!-- newtestng -->
